<?xml version="1.0" encoding="UTF-8"?>
<testng-results ignored="0" total="1" passed="1" failed="0" skipped="0">
  <reporter-output>
  </reporter-output>
  <suite started-at="2021-03-26T00:05:48 IST" name="Default suite" finished-at="2021-03-26T00:05:59 IST" duration-ms="10833">
    <groups>
    </groups>
    <test started-at="2021-03-26T00:05:48 IST" name="Default test" finished-at="2021-03-26T00:05:59 IST" duration-ms="10833">
      <class name="JTCAssessment.Googlesearch">
        <test-method signature="BrowserAutomation()[pri:0, instance:JTCAssessment.Googlesearch@79efed2d]" started-at="2021-03-26T00:05:48 IST" name="BrowserAutomation" finished-at="2021-03-26T00:05:59 IST" duration-ms="10769" status="PASS">
          <reporter-output>
          </reporter-output>
        </test-method> <!-- BrowserAutomation -->
      </class> <!-- JTCAssessment.Googlesearch -->
    </test> <!-- Default test -->
  </suite> <!-- Default suite -->
</testng-results>
